<?xml version="1.0" encoding="UTF-8"?>
<!-- Generated by org.testng.reporters.JUnitReportReporter -->
<testsuite hostname="DESKTOP-P1FLGCK" failures="0" tests="2" name="mosafer" time="1.545" errors="0" timestamp="2025-05-03T13:37:24 AST" skipped="1">
  <testcase classname="mosafer" name="currencySAR" time="1.545"/>
  <testcase classname="mosafer" name="language">
    <skipped/>
  </testcase> <!-- language -->
</testsuite> <!-- mosafer -->
